This file contains any messages produced by compilers while
running configure, to aid debugging if configure makes a mistake.

It was created by FriCAS configure 2018-03-10, which was
generated by GNU Autoconf 2.69.  Invocation command line was

  $ ./configure 

## --------- ##
## Platform. ##
## --------- ##

hostname = CLAU
uname -m = x86_64
uname -r = 4.4.0-119-generic
uname -s = Linux
uname -v = #143-Ubuntu SMP Mon Apr 2 16:08:24 UTC 2018

/usr/bin/uname -p = unknown
/bin/uname -X     = unknown

/bin/arch              = unknown
/usr/bin/arch -k       = unknown
/usr/convex/getsysinfo = unknown
/usr/bin/hostinfo      = unknown
/bin/machine           = unknown
/usr/bin/oslevel       = unknown
/bin/universe          = unknown

PATH: /home/whoami/QT_5.10.1/Tools/QtCreator/bin
PATH: /usr/local/sbin
PATH: /usr/local/bin
PATH: /usr/sbin
PATH: /usr/bin
PATH: /sbin
PATH: /bin
PATH: /usr/games
PATH: /usr/local/games
PATH: /snap/bin
PATH: /usr/local/openssl/bin


## ----------- ##
## Core tests. ##
## ----------- ##

configure:2312: checking build system type
configure:2326: result: x86_64-linux-gnu
configure:2346: checking host system type
configure:2359: result: x86_64-linux-gnu
configure:2379: checking target system type
configure:2392: result: x86_64-linux-gnu
configure:2474: checking for make
configure:2490: found /usr/bin/make
configure:2501: result: make
configure:2614: checking for gcc
configure:2630: found /usr/bin/gcc
configure:2641: result: gcc
configure:2870: checking for C compiler version
configure:2879: gcc --version >&5
gcc (Ubuntu 5.4.0-6ubuntu1~16.04.10) 5.4.0 20160609
Copyright (C) 2015 Free Software Foundation, Inc.
This is free software; see the source for copying conditions.  There is NO
warranty; not even for MERCHANTABILITY or FITNESS FOR A PARTICULAR PURPOSE.

configure:2890: $? = 0
configure:2879: gcc -v >&5
Using built-in specs.
COLLECT_GCC=gcc
COLLECT_LTO_WRAPPER=/usr/lib/gcc/x86_64-linux-gnu/5/lto-wrapper
Target: x86_64-linux-gnu
Configured with: ../src/configure -v --with-pkgversion='Ubuntu 5.4.0-6ubuntu1~16.04.10' --with-bugurl=file:///usr/share/doc/gcc-5/README.Bugs --enable-languages=c,ada,c++,java,go,d,fortran,objc,obj-c++ --prefix=/usr --program-suffix=-5 --enable-shared --enable-linker-build-id --libexecdir=/usr/lib --without-included-gettext --enable-threads=posix --libdir=/usr/lib --enable-nls --with-sysroot=/ --enable-clocale=gnu --enable-libstdcxx-debug --enable-libstdcxx-time=yes --with-default-libstdcxx-abi=new --enable-gnu-unique-object --disable-vtable-verify --enable-libmpx --enable-plugin --with-system-zlib --disable-browser-plugin --enable-java-awt=gtk --enable-gtk-cairo --with-java-home=/usr/lib/jvm/java-1.5.0-gcj-5-amd64/jre --enable-java-home --with-jvm-root-dir=/usr/lib/jvm/java-1.5.0-gcj-5-amd64 --with-jvm-jar-dir=/usr/lib/jvm-exports/java-1.5.0-gcj-5-amd64 --with-arch-directory=amd64 --with-ecj-jar=/usr/share/java/eclipse-ecj.jar --enable-objc-gc --enable-multiarch --disable-werror --with-arch-32=i686 --with-abi=m64 --with-multilib-list=m32,m64,mx32 --enable-multilib --with-tune=generic --enable-checking=release --build=x86_64-linux-gnu --host=x86_64-linux-gnu --target=x86_64-linux-gnu
Thread model: posix
gcc version 5.4.0 20160609 (Ubuntu 5.4.0-6ubuntu1~16.04.10) 
configure:2890: $? = 0
configure:2879: gcc -V >&5
gcc: error: unrecognized command line option '-V'
gcc: fatal error: no input files
compilation terminated.
configure:2890: $? = 1
configure:2879: gcc -qversion >&5
gcc: error: unrecognized command line option '-qversion'
gcc: fatal error: no input files
compilation terminated.
configure:2890: $? = 1
configure:2910: checking whether the C compiler works
configure:2932: gcc    conftest.c  >&5
configure:2936: $? = 0
configure:2984: result: yes
configure:2987: checking for C compiler default output file name
configure:2989: result: a.out
configure:2995: checking for suffix of executables
configure:3002: gcc -o conftest    conftest.c  >&5
configure:3006: $? = 0
configure:3028: result: 
configure:3050: checking whether we are cross compiling
configure:3058: gcc -o conftest    conftest.c  >&5
configure:3062: $? = 0
configure:3069: ./conftest
configure:3073: $? = 0
configure:3088: result: no
configure:3093: checking for suffix of object files
configure:3115: gcc -c   conftest.c >&5
configure:3119: $? = 0
configure:3140: result: o
configure:3144: checking whether we are using the GNU C compiler
configure:3163: gcc -c   conftest.c >&5
configure:3163: $? = 0
configure:3172: result: yes
configure:3181: checking whether gcc accepts -g
configure:3201: gcc -c -g  conftest.c >&5
configure:3201: $? = 0
configure:3242: result: yes
configure:3259: checking for gcc option to accept ISO C89
configure:3322: gcc  -c -g -O2  conftest.c >&5
configure:3322: $? = 0
configure:3335: result: none needed
configure:3378: checking for a BSD-compatible install
configure:3446: result: /usr/bin/install -c
configure:3460: checking for touch
configure:3476: found /usr/bin/touch
configure:3487: result: touch
configure:3500: checking for mktemp
configure:3516: found /bin/mktemp
configure:3527: result: mktemp
configure:3625: checking for gawk
configure:3641: found /usr/bin/gawk
configure:3652: result: gawk
configure:3668: checking for gtar
configure:3698: result: no
configure:3668: checking for tar
configure:3684: found /bin/tar
configure:3695: result: tar
configure:3754: checking for ranlib
configure:3770: found /usr/bin/ranlib
configure:3781: result: ranlib
configure:3805: checking for ar
configure:3821: found /usr/bin/ar
configure:3832: result: ar
configure:3844: checking for latex
configure:3862: found /usr/bin/latex
configure:3874: result: /usr/bin/latex
configure:3886: checking for makeindex
configure:3902: found /usr/bin/makeindex
configure:3913: result: makeindex
configure:3945: checking PREGENERATED
configure:3964: result: ""
configure:3985: checking for sbcl
configure:4003: found /usr/local/bin/sbcl
configure:4015: result: /usr/local/bin/sbcl
configure:4046: checking Lisp implementation
configure:4059: result: sbcl
configure:4230: checking how to run the C preprocessor
configure:4261: gcc -E  conftest.c
configure:4261: $? = 0
configure:4275: gcc -E  conftest.c
conftest.c:9:28: fatal error: ac_nonexistent.h: No such file or directory
compilation terminated.
configure:4275: $? = 1
configure: failed program was:
| /* confdefs.h */
| #define PACKAGE_NAME "FriCAS"
| #define PACKAGE_TARNAME "fricas"
| #define PACKAGE_VERSION "2018-03-10"
| #define PACKAGE_STRING "FriCAS 2018-03-10"
| #define PACKAGE_BUGREPORT "fricas-devel@googlegroups.com"
| #define PACKAGE_URL ""
| /* end confdefs.h.  */
| #include <ac_nonexistent.h>
configure:4300: result: gcc -E
configure:4320: gcc -E  conftest.c
configure:4320: $? = 0
configure:4334: gcc -E  conftest.c
conftest.c:9:28: fatal error: ac_nonexistent.h: No such file or directory
compilation terminated.
configure:4334: $? = 1
configure: failed program was:
| /* confdefs.h */
| #define PACKAGE_NAME "FriCAS"
| #define PACKAGE_TARNAME "fricas"
| #define PACKAGE_VERSION "2018-03-10"
| #define PACKAGE_STRING "FriCAS 2018-03-10"
| #define PACKAGE_BUGREPORT "fricas-devel@googlegroups.com"
| #define PACKAGE_URL ""
| /* end confdefs.h.  */
| #include <ac_nonexistent.h>
configure:4363: checking for grep that handles long lines and -e
configure:4421: result: /bin/grep
configure:4426: checking for egrep
configure:4488: result: /bin/grep -E
configure:4493: checking for ANSI C header files
configure:4513: gcc -c -g -O2  conftest.c >&5
configure:4513: $? = 0
configure:4586: gcc -o conftest -g -O2   conftest.c  >&5
configure:4586: $? = 0
configure:4586: ./conftest
configure:4586: $? = 0
configure:4597: result: yes
configure:4610: checking for sys/types.h
configure:4610: gcc -c -g -O2  conftest.c >&5
configure:4610: $? = 0
configure:4610: result: yes
configure:4610: checking for sys/stat.h
configure:4610: gcc -c -g -O2  conftest.c >&5
configure:4610: $? = 0
configure:4610: result: yes
configure:4610: checking for stdlib.h
configure:4610: gcc -c -g -O2  conftest.c >&5
configure:4610: $? = 0
configure:4610: result: yes
configure:4610: checking for string.h
configure:4610: gcc -c -g -O2  conftest.c >&5
configure:4610: $? = 0
configure:4610: result: yes
configure:4610: checking for memory.h
configure:4610: gcc -c -g -O2  conftest.c >&5
configure:4610: $? = 0
configure:4610: result: yes
configure:4610: checking for strings.h
configure:4610: gcc -c -g -O2  conftest.c >&5
configure:4610: $? = 0
configure:4610: result: yes
configure:4610: checking for inttypes.h
configure:4610: gcc -c -g -O2  conftest.c >&5
configure:4610: $? = 0
configure:4610: result: yes
configure:4610: checking for stdint.h
configure:4610: gcc -c -g -O2  conftest.c >&5
configure:4610: $? = 0
configure:4610: result: yes
configure:4610: checking for unistd.h
configure:4610: gcc -c -g -O2  conftest.c >&5
configure:4610: $? = 0
configure:4610: result: yes
configure:4748: result: fasl
configure:4789: checking dirent.h usability
configure:4789: gcc -c -g -O2  conftest.c >&5
configure:4789: $? = 0
configure:4789: result: yes
configure:4789: checking dirent.h presence
configure:4789: gcc -E  conftest.c
configure:4789: $? = 0
configure:4789: result: yes
configure:4789: checking for dirent.h
configure:4789: result: yes
configure:4796: checking whether closedir is declared
configure:4796: gcc -c -g -O2  conftest.c >&5
configure:4796: $? = 0
configure:4796: result: yes
configure:4814: checking whether opendir is declared
configure:4814: gcc -c -g -O2  conftest.c >&5
configure:4814: $? = 0
configure:4814: result: yes
configure:4832: checking whether readdir is declared
configure:4832: gcc -c -g -O2  conftest.c >&5
configure:4832: $? = 0
configure:4832: result: yes
configure:4852: checking whether dirfd is declared
configure:4852: gcc -c -g -O2  conftest.c >&5
configure:4852: $? = 0
configure:4852: result: yes
configure:4871: checking whether fchdir is declared
configure:4871: gcc -c -g -O2  conftest.c >&5
configure:4871: $? = 0
configure:4871: result: yes
configure:4917: checking signal.h usability
configure:4917: gcc -c -g -O2  conftest.c >&5
configure:4917: $? = 0
configure:4917: result: yes
configure:4917: checking signal.h presence
configure:4917: gcc -E  conftest.c
configure:4917: $? = 0
configure:4917: result: yes
configure:4917: checking for signal.h
configure:4917: result: yes
configure:4929: checking whether sigaction is declared
configure:4929: gcc -c -g -O2  conftest.c >&5
configure:4929: $? = 0
configure:4929: result: yes
configure:4943: checking for sys/stat.h
configure:4943: result: yes
configure:4957: checking for unistd.h
configure:4957: result: yes
configure:4969: checking whether getuid is declared
configure:4969: gcc -c -g -O2  conftest.c >&5
configure:4969: $? = 0
configure:4969: result: yes
configure:4980: checking whether geteuid is declared
configure:4980: gcc -c -g -O2  conftest.c >&5
configure:4980: $? = 0
configure:4980: result: yes
configure:4991: checking whether getgid is declared
configure:4991: gcc -c -g -O2  conftest.c >&5
configure:4991: $? = 0
configure:4991: result: yes
configure:5002: checking whether getegid is declared
configure:5002: gcc -c -g -O2  conftest.c >&5
configure:5002: $? = 0
configure:5002: result: yes
configure:5015: checking whether kill is declared
configure:5015: gcc -c -g -O2  conftest.c >&5
configure:5015: $? = 0
configure:5015: result: yes
configure:5046: checking sys/socket.h usability
configure:5046: gcc -c -g -O2  conftest.c >&5
configure:5046: $? = 0
configure:5046: result: yes
configure:5046: checking sys/socket.h presence
configure:5046: gcc -E  conftest.c
configure:5046: $? = 0
configure:5046: result: yes
configure:5046: checking for sys/socket.h
configure:5046: result: yes
configure:5074: gcc -c -g -O2  conftest.c >&5
configure:5074: $? = 0
configure:5097: gcc -c -g -O2  conftest.c >&5
configure:5097: $? = 0
configure:5222: checking util.h usability
configure:5222: gcc -c -g -O2  conftest.c >&5
conftest.c:74:18: fatal error: util.h: No such file or directory
compilation terminated.
configure:5222: $? = 1
configure: failed program was:
| /* confdefs.h */
| #define PACKAGE_NAME "FriCAS"
| #define PACKAGE_TARNAME "fricas"
| #define PACKAGE_VERSION "2018-03-10"
| #define PACKAGE_STRING "FriCAS 2018-03-10"
| #define PACKAGE_BUGREPORT "fricas-devel@googlegroups.com"
| #define PACKAGE_URL ""
| #define STDC_HEADERS 1
| #define HAVE_SYS_TYPES_H 1
| #define HAVE_SYS_STAT_H 1
| #define HAVE_STDLIB_H 1
| #define HAVE_STRING_H 1
| #define HAVE_MEMORY_H 1
| #define HAVE_STRINGS_H 1
| #define HAVE_INTTYPES_H 1
| #define HAVE_STDINT_H 1
| #define HAVE_UNISTD_H 1
| #define HAVE_DIRENT_H 1
| #define HAVE_DECL_CLOSEDIR 1
| #define HAVE_DECL_OPENDIR 1
| #define HAVE_DECL_READDIR 1
| #define HAVE_DECL_DIRFD 1
| #define HAVE_DECL_FCHDIR 1
| #define HOST_HAS_DIRECTORY_OPERATIONS 1
| #define HOST_HAS_DIRFD_FCHDIR 1
| #define HAVE_SIGNAL_H 1
| #define HAVE_DECL_SIGACTION 1
| #define HAVE_SYS_STAT_H 1
| #define HAVE_UNISTD_H 1
| #define HAVE_DECL_GETUID 1
| #define HAVE_DECL_GETEUID 1
| #define HAVE_DECL_GETGID 1
| #define HAVE_DECL_GETEGID 1
| #define HAVE_DECL_KILL 1
| #define HAVE_SYS_SOCKET_H 1
| #define HAVE_MSG_NOSIGNAL 1
| #define HAVE_EPIPE 1
| #define HAVE_AF_LOCAL 1
| #define HAVE_AF_UNIX 1
| /* end confdefs.h.  */
| #include <stdio.h>
| #ifdef HAVE_SYS_TYPES_H
| # include <sys/types.h>
| #endif
| #ifdef HAVE_SYS_STAT_H
| # include <sys/stat.h>
| #endif
| #ifdef STDC_HEADERS
| # include <stdlib.h>
| # include <stddef.h>
| #else
| # ifdef HAVE_STDLIB_H
| #  include <stdlib.h>
| # endif
| #endif
| #ifdef HAVE_STRING_H
| # if !defined STDC_HEADERS && defined HAVE_MEMORY_H
| #  include <memory.h>
| # endif
| # include <string.h>
| #endif
| #ifdef HAVE_STRINGS_H
| # include <strings.h>
| #endif
| #ifdef HAVE_INTTYPES_H
| # include <inttypes.h>
| #endif
| #ifdef HAVE_STDINT_H
| # include <stdint.h>
| #endif
| #ifdef HAVE_UNISTD_H
| # include <unistd.h>
| #endif
| #include <util.h>
configure:5222: result: no
configure:5222: checking util.h presence
configure:5222: gcc -E  conftest.c
conftest.c:41:18: fatal error: util.h: No such file or directory
compilation terminated.
configure:5222: $? = 1
configure: failed program was:
| /* confdefs.h */
| #define PACKAGE_NAME "FriCAS"
| #define PACKAGE_TARNAME "fricas"
| #define PACKAGE_VERSION "2018-03-10"
| #define PACKAGE_STRING "FriCAS 2018-03-10"
| #define PACKAGE_BUGREPORT "fricas-devel@googlegroups.com"
| #define PACKAGE_URL ""
| #define STDC_HEADERS 1
| #define HAVE_SYS_TYPES_H 1
| #define HAVE_SYS_STAT_H 1
| #define HAVE_STDLIB_H 1
| #define HAVE_STRING_H 1
| #define HAVE_MEMORY_H 1
| #define HAVE_STRINGS_H 1
| #define HAVE_INTTYPES_H 1
| #define HAVE_STDINT_H 1
| #define HAVE_UNISTD_H 1
| #define HAVE_DIRENT_H 1
| #define HAVE_DECL_CLOSEDIR 1
| #define HAVE_DECL_OPENDIR 1
| #define HAVE_DECL_READDIR 1
| #define HAVE_DECL_DIRFD 1
| #define HAVE_DECL_FCHDIR 1
| #define HOST_HAS_DIRECTORY_OPERATIONS 1
| #define HOST_HAS_DIRFD_FCHDIR 1
| #define HAVE_SIGNAL_H 1
| #define HAVE_DECL_SIGACTION 1
| #define HAVE_SYS_STAT_H 1
| #define HAVE_UNISTD_H 1
| #define HAVE_DECL_GETUID 1
| #define HAVE_DECL_GETEUID 1
| #define HAVE_DECL_GETGID 1
| #define HAVE_DECL_GETEGID 1
| #define HAVE_DECL_KILL 1
| #define HAVE_SYS_SOCKET_H 1
| #define HAVE_MSG_NOSIGNAL 1
| #define HAVE_EPIPE 1
| #define HAVE_AF_LOCAL 1
| #define HAVE_AF_UNIX 1
| /* end confdefs.h.  */
| #include <util.h>
configure:5222: result: no
configure:5222: checking for util.h
configure:5222: result: no
configure:5231: checking pty.h usability
configure:5231: gcc -c -g -O2  conftest.c >&5
configure:5231: $? = 0
configure:5231: result: yes
configure:5231: checking pty.h presence
configure:5231: gcc -E  conftest.c
configure:5231: $? = 0
configure:5231: result: yes
configure:5231: checking for pty.h
configure:5231: result: yes
configure:5247: checking whether openpty is declared
configure:5247: gcc -c -g -O2  conftest.c >&5
configure:5247: $? = 0
configure:5247: result: yes
configure:5262: checking for openpty in -lc
configure:5287: gcc -o conftest -g -O2   conftest.c -lc   >&5
/tmp/ccHAhOKV.o: In function `main':
/git/fricas/conftest.c:54: undefined reference to `openpty'
collect2: error: ld returned 1 exit status
configure:5287: $? = 1
configure: failed program was:
| /* confdefs.h */
| #define PACKAGE_NAME "FriCAS"
| #define PACKAGE_TARNAME "fricas"
| #define PACKAGE_VERSION "2018-03-10"
| #define PACKAGE_STRING "FriCAS 2018-03-10"
| #define PACKAGE_BUGREPORT "fricas-devel@googlegroups.com"
| #define PACKAGE_URL ""
| #define STDC_HEADERS 1
| #define HAVE_SYS_TYPES_H 1
| #define HAVE_SYS_STAT_H 1
| #define HAVE_STDLIB_H 1
| #define HAVE_STRING_H 1
| #define HAVE_MEMORY_H 1
| #define HAVE_STRINGS_H 1
| #define HAVE_INTTYPES_H 1
| #define HAVE_STDINT_H 1
| #define HAVE_UNISTD_H 1
| #define HAVE_DIRENT_H 1
| #define HAVE_DECL_CLOSEDIR 1
| #define HAVE_DECL_OPENDIR 1
| #define HAVE_DECL_READDIR 1
| #define HAVE_DECL_DIRFD 1
| #define HAVE_DECL_FCHDIR 1
| #define HOST_HAS_DIRECTORY_OPERATIONS 1
| #define HOST_HAS_DIRFD_FCHDIR 1
| #define HAVE_SIGNAL_H 1
| #define HAVE_DECL_SIGACTION 1
| #define HAVE_SYS_STAT_H 1
| #define HAVE_UNISTD_H 1
| #define HAVE_DECL_GETUID 1
| #define HAVE_DECL_GETEUID 1
| #define HAVE_DECL_GETGID 1
| #define HAVE_DECL_GETEGID 1
| #define HAVE_DECL_KILL 1
| #define HAVE_SYS_SOCKET_H 1
| #define HAVE_MSG_NOSIGNAL 1
| #define HAVE_EPIPE 1
| #define HAVE_AF_LOCAL 1
| #define HAVE_AF_UNIX 1
| #define HAVE_PTY_H 1
| #define HAVE_OPENPTY_DECL 1
| /* end confdefs.h.  */
| 
| /* Override any GCC internal prototype to avoid an error.
|    Use char because int might match the return type of a GCC
|    builtin and then its argument prototype would still apply.  */
| #ifdef __cplusplus
| extern "C"
| #endif
| char openpty ();
| int
| main ()
| {
| return openpty ();
|   ;
|   return 0;
| }
configure:5296: result: no
configure:5304: checking for openpty in -lutil
configure:5329: gcc -o conftest -g -O2   conftest.c -lutil   >&5
configure:5329: $? = 0
configure:5338: result: yes
configure:5401: checking sys/wait.h usability
configure:5401: gcc -c -g -O2  conftest.c >&5
configure:5401: $? = 0
configure:5401: result: yes
configure:5401: checking sys/wait.h presence
configure:5401: gcc -E  conftest.c
configure:5401: $? = 0
configure:5401: result: yes
configure:5401: checking for sys/wait.h
configure:5401: result: yes
configure:5413: checking whether wait is declared
configure:5413: gcc -c -g -O2  conftest.c >&5
configure:5413: $? = 0
configure:5413: result: yes
configure:5427: checking whether fork is declared
configure:5427: gcc -c -g -O2  conftest.c >&5
configure:5427: $? = 0
configure:5427: result: yes
configure:5455: checking for X
configure:5563: gcc -E  conftest.c
configure:5563: $? = 0
configure:5594: gcc -o conftest -g -O2   conftest.c -lX11  >&5
configure:5594: $? = 0
configure:5644: result: libraries , headers 
configure:5743: gcc -o conftest -g -O2   conftest.c   -lX11 >&5
configure:5743: $? = 0
configure:5841: checking for gethostbyname
configure:5841: gcc -o conftest -g -O2   conftest.c  >&5
configure:5841: $? = 0
configure:5841: result: yes
configure:5938: checking for connect
configure:5938: gcc -o conftest -g -O2   conftest.c  >&5
configure:5938: $? = 0
configure:5938: result: yes
configure:5987: checking for remove
configure:5987: gcc -o conftest -g -O2   conftest.c  >&5
configure:5987: $? = 0
configure:5987: result: yes
configure:6036: checking for shmat
configure:6036: gcc -o conftest -g -O2   conftest.c  >&5
configure:6036: $? = 0
configure:6036: result: yes
configure:6094: checking for IceConnectionNumber in -lICE
configure:6119: gcc -o conftest -g -O2   conftest.c -lICE   >&5
configure:6119: $? = 0
configure:6128: result: yes
configure:6155: checking for XpmReadFileToImage in -lXpm
configure:6180: gcc -o conftest -g -O2   conftest.c -lXpm  -lX11  >&5
configure:6180: $? = 0
configure:6189: result: yes
configure:6229: checking regex.h usability
configure:6229: gcc -c -g -O2  conftest.c >&5
configure:6229: $? = 0
configure:6229: result: yes
configure:6229: checking regex.h presence
configure:6229: gcc -E  conftest.c
configure:6229: $? = 0
configure:6229: result: yes
configure:6229: checking for regex.h
configure:6229: result: yes
configure:6237: checking for xvfb-run
configure:6267: result: no
configure:6279: HyperDoc graphics must be built separately.
configure:6474: WARNING: Aldor interface will not be built.
configure:6614: creating ./config.status

## ---------------------- ##
## Running config.status. ##
## ---------------------- ##

This file was extended by FriCAS config.status 2018-03-10, which was
generated by GNU Autoconf 2.69.  Invocation command line was

  CONFIG_FILES    = 
  CONFIG_HEADERS  = 
  CONFIG_LINKS    = 
  CONFIG_COMMANDS = 
  $ ./config.status 

on CLAU

config.status:919: creating src/clef/Makefile
config.status:919: creating src/sman/Makefile
config.status:919: creating src/graph/Makefile
config.status:919: creating src/graph/Gdraws/Makefile
config.status:919: creating src/graph/view2D/Makefile
config.status:919: creating src/graph/view3D/Makefile
config.status:919: creating src/graph/viewAlone/Makefile
config.status:919: creating src/graph/viewman/Makefile
config.status:919: creating src/hyper/Makefile
config.status:919: creating src/doc/Makefile
config.status:919: creating Makefile
config.status:919: creating src/Makefile
config.status:919: creating src/lib/Makefile
config.status:919: creating src/lisp/Makefile
config.status:919: creating src/boot/Makefile
config.status:919: creating src/interp/Makefile
config.status:919: creating src/algebra/Makefile
config.status:919: creating src/input/Makefile
config.status:919: creating src/etc/Makefile
config.status:919: creating src/aldor/Makefile
config.status:919: creating src/aldor/Makefile2
config.status:919: creating src/aldor/Makefile3
config.status:919: creating contrib/emacs/Makefile
config.status:919: creating config/fricas_c_macros.h

## ---------------- ##
## Cache variables. ##
## ---------------- ##

ac_cv_build=x86_64-linux-gnu
ac_cv_c_compiler_gnu=yes
ac_cv_env_CC_set=
ac_cv_env_CC_value=
ac_cv_env_CFLAGS_set=
ac_cv_env_CFLAGS_value=
ac_cv_env_CPPFLAGS_set=
ac_cv_env_CPPFLAGS_value=
ac_cv_env_CPP_set=
ac_cv_env_CPP_value=
ac_cv_env_LDFLAGS_set=
ac_cv_env_LDFLAGS_value=
ac_cv_env_LIBS_set=
ac_cv_env_LIBS_value=
ac_cv_env_XMKMF_set=
ac_cv_env_XMKMF_value=
ac_cv_env_build_alias_set=
ac_cv_env_build_alias_value=
ac_cv_env_host_alias_set=
ac_cv_env_host_alias_value=
ac_cv_env_target_alias_set=
ac_cv_env_target_alias_value=
ac_cv_func_connect=yes
ac_cv_func_gethostbyname=yes
ac_cv_func_remove=yes
ac_cv_func_shmat=yes
ac_cv_have_decl_closedir=yes
ac_cv_have_decl_dirfd=yes
ac_cv_have_decl_fchdir=yes
ac_cv_have_decl_fork=yes
ac_cv_have_decl_getegid=yes
ac_cv_have_decl_geteuid=yes
ac_cv_have_decl_getgid=yes
ac_cv_have_decl_getuid=yes
ac_cv_have_decl_kill=yes
ac_cv_have_decl_opendir=yes
ac_cv_have_decl_openpty=yes
ac_cv_have_decl_readdir=yes
ac_cv_have_decl_sigaction=yes
ac_cv_have_decl_wait=yes
ac_cv_have_x='have_x=yes	ac_x_includes='\'''\''	ac_x_libraries='\'''\'''
ac_cv_header_dirent_h=yes
ac_cv_header_inttypes_h=yes
ac_cv_header_memory_h=yes
ac_cv_header_pty_h=yes
ac_cv_header_regex_h=yes
ac_cv_header_signal_h=yes
ac_cv_header_stdc=yes
ac_cv_header_stdint_h=yes
ac_cv_header_stdlib_h=yes
ac_cv_header_string_h=yes
ac_cv_header_strings_h=yes
ac_cv_header_sys_socket_h=yes
ac_cv_header_sys_stat_h=yes
ac_cv_header_sys_types_h=yes
ac_cv_header_sys_wait_h=yes
ac_cv_header_unistd_h=yes
ac_cv_header_util_h=no
ac_cv_host=x86_64-linux-gnu
ac_cv_lib_ICE_IceConnectionNumber=yes
ac_cv_lib_Xpm_XpmReadFileToImage=yes
ac_cv_lib_c_openpty=no
ac_cv_lib_util_openpty=yes
ac_cv_objext=o
ac_cv_path_EGREP='/bin/grep -E'
ac_cv_path_FRICAS_LISP=/usr/local/bin/sbcl
ac_cv_path_GREP=/bin/grep
ac_cv_path_LATEX=/usr/bin/latex
ac_cv_path_install='/usr/bin/install -c'
ac_cv_prog_AR=ar
ac_cv_prog_AWK=gawk
ac_cv_prog_CPP='gcc -E'
ac_cv_prog_MAKE=make
ac_cv_prog_MAKEINDEX=makeindex
ac_cv_prog_MKTEMP=mktemp
ac_cv_prog_TAR=tar
ac_cv_prog_TOUCH=touch
ac_cv_prog_ac_ct_CC=gcc
ac_cv_prog_ac_ct_RANLIB=ranlib
ac_cv_prog_cc_c89=
ac_cv_prog_cc_g=yes
ac_cv_target=x86_64-linux-gnu

## ----------------- ##
## Output variables. ##
## ----------------- ##

ALDOR=''
ALDOR_datadir=''
AR='ar'
AWK='gawk'
AWK_FOR_TARGET='/usr/bin/gawk'
AXIOM='/git/fricas/target/x86_64-linux-gnu'
BASE=''
BUILD_ALDOR_INTERFACE='no'
CC='gcc'
CCF='-O2 -Wall -D_GNU_SOURCE'
CFLAGS='-g -O2'
CPP='gcc -E'
CPPFLAGS=''
DEFS='-DHAVE_CONFIG_H'
ECHO_C=''
ECHO_N='-n'
ECHO_T=''
EGREP='/bin/grep -E'
EXEEXT=''
FRICAS_LISP='/usr/local/bin/sbcl'
GMP_CPPFLAGS=''
GMP_EXT='so'
GMP_LDFLAGS=''
GMP_LIB=''
GMP_LIBDIR=''
GMP_WRAP_SO_TARGET=''
GREP='/bin/grep'
INSTALL_DATA='${INSTALL} -m 644'
INSTALL_PROGRAM='${INSTALL}'
INSTALL_SCRIPT='${INSTALL}'
LATEX='/usr/bin/latex'
LDF=''
LDFLAGS=''
LIBOBJS=''
LIBS=''
LIBSPAD_SO_TARGET='libspad_so'
LTLIBOBJS=''
MAKE='make'
MAKEINDEX='makeindex'
MAYBE_VIEWPORTS=''
MKTEMP='mktemp'
OBJEXT='o'
PACKAGE_BUGREPORT='fricas-devel@googlegroups.com'
PACKAGE_NAME='FriCAS'
PACKAGE_STRING='FriCAS 2018-03-10'
PACKAGE_TARNAME='fricas'
PACKAGE_URL=''
PACKAGE_VERSION='2018-03-10'
PATH_SEPARATOR=':'
PREGENERATED=''
RANLIB='ranlib'
SHELL='/bin/bash'
SOLIB_FLAGS='-shared'
TAR='tar'
TOUCH='touch'
XMKMF=''
XVFB=''
XVFB_RUN=''
X_CFLAGS=''
X_EXTRA_LIBS=''
X_LIBS=''
X_PRE_LIBS='-lXpm  -lSM -lICE'
ac_ct_CC='gcc'
bindir='${exec_prefix}/bin'
build='x86_64-linux-gnu'
build_alias=''
build_cpu='x86_64'
build_os='gnu'
build_vendor='linux'
datadir='${datarootdir}'
datarootdir='${prefix}/share'
docdir='${datarootdir}/doc/${PACKAGE_TARNAME}'
dvidir='${docdir}'
emacsdatadir='${exec_prefix}/lib/fricas/emacs'
exec_prefix='${prefix}'
fricas_algebra_optimization='nil'
fricas_all_prerequisites=''
fricas_build_bindir='/git/fricas/build/x86_64-linux-gnu/bin'
fricas_builddir='/git/fricas/build/x86_64-linux-gnu'
fricas_c_runtime=' terminal_io graphics'
fricas_c_runtime_extra=' -lutil'
fricas_debug_compiler='no'
fricas_fasl_type2='fasl'
fricas_fasl_type='fasl'
fricas_gcl_rsym_hack=':'
fricas_has_directory_operations='yes'
fricas_lisp_flavor='sbcl'
fricas_quiet_flags='--noinform --noprint --no-sysinit --no-userinit'
fricas_src_all='all-axiomsys  all-sman all-clef all-graph all-hyper all-doc'
fricas_src_subdirs='lib lisp boot interp algebra input etc clef sman graph hyper doc'
fricas_targetdir='/git/fricas/target/x86_64-linux-gnu'
fricas_top_srcdir='/git/fricas'
host='x86_64-linux-gnu'
host_alias=''
host_cpu='x86_64'
host_os='gnu'
host_vendor='linux'
htmldir='${docdir}'
includedir='${prefix}/include'
infodir='${datarootdir}/info'
libdir='${exec_prefix}/lib'
libexecdir='${exec_prefix}/libexec'
localedir='${datarootdir}/locale'
localstatedir='${prefix}/var'
mandir='${datarootdir}/man'
oldincludedir='/usr/include'
pdfdir='${docdir}'
prefix='/usr/local'
program_transform_name='s,x,x,'
psdir='${docdir}'
runstatedir='${localstatedir}/run'
sbindir='${exec_prefix}/sbin'
sharedstatedir='${prefix}/com'
sysconfdir='${prefix}/etc'
target='x86_64-linux-gnu'
target_alias=''
target_cpu='x86_64'
target_os='gnu'
target_vendor='linux'

## ----------- ##
## confdefs.h. ##
## ----------- ##

/* confdefs.h */
#define PACKAGE_NAME "FriCAS"
#define PACKAGE_TARNAME "fricas"
#define PACKAGE_VERSION "2018-03-10"
#define PACKAGE_STRING "FriCAS 2018-03-10"
#define PACKAGE_BUGREPORT "fricas-devel@googlegroups.com"
#define PACKAGE_URL ""
#define STDC_HEADERS 1
#define HAVE_SYS_TYPES_H 1
#define HAVE_SYS_STAT_H 1
#define HAVE_STDLIB_H 1
#define HAVE_STRING_H 1
#define HAVE_MEMORY_H 1
#define HAVE_STRINGS_H 1
#define HAVE_INTTYPES_H 1
#define HAVE_STDINT_H 1
#define HAVE_UNISTD_H 1
#define HAVE_DIRENT_H 1
#define HAVE_DECL_CLOSEDIR 1
#define HAVE_DECL_OPENDIR 1
#define HAVE_DECL_READDIR 1
#define HAVE_DECL_DIRFD 1
#define HAVE_DECL_FCHDIR 1
#define HOST_HAS_DIRECTORY_OPERATIONS 1
#define HOST_HAS_DIRFD_FCHDIR 1
#define HAVE_SIGNAL_H 1
#define HAVE_DECL_SIGACTION 1
#define HAVE_SYS_STAT_H 1
#define HAVE_UNISTD_H 1
#define HAVE_DECL_GETUID 1
#define HAVE_DECL_GETEUID 1
#define HAVE_DECL_GETGID 1
#define HAVE_DECL_GETEGID 1
#define HAVE_DECL_KILL 1
#define HAVE_SYS_SOCKET_H 1
#define HAVE_MSG_NOSIGNAL 1
#define HAVE_EPIPE 1
#define HAVE_AF_LOCAL 1
#define HAVE_AF_UNIX 1
#define HAVE_PTY_H 1
#define HAVE_OPENPTY_DECL 1
#define HAVE_OPENPTY 1
#define HAVE_SYS_WAIT_H 1
#define HAVE_DECL_WAIT 1
#define HAVE_DECL_FORK 1
#define LINUXplatform /**/

configure: exit 0
